<?xml version="1.0" encoding="UTF-8"?>
<!-- Generated by org.testng.reporters.JUnitReportReporter -->
<testsuite hostname="DESKTOP-T4MFR2V" failures="0" tests="3" name="TestNGFramwork.TestNGSevenPm.ParallelExecutionOfTestCases" time="9.421" errors="0" timestamp="25 Apr 2023 14:10:10 GMT" skipped="0">
  <testcase classname="TestNGFramwork.TestNGSevenPm.ParallelExecutionOfTestCases" name="validUsernameAndValidPassword" time="3.078"/>
  <testcase classname="TestNGFramwork.TestNGSevenPm.ParallelExecutionOfTestCases" name="invalidUsernameAndValidPassword" time="2.821"/>
  <testcase classname="TestNGFramwork.TestNGSevenPm.ParallelExecutionOfTestCases" name="validUsernameAndInValidPassword" time="3.522"/>
</testsuite> <!-- TestNGFramwork.TestNGSevenPm.ParallelExecutionOfTestCases -->
