<?xml version="1.0" encoding="UTF-8"?>
<!-- Generated by org.testng.reporters.JUnitReportReporter -->
<testsuite hostname="DESKTOP-T4MFR2V" failures="0" tests="3" name="TestNGFramwork.TestNGSevenPm.SeleniumAnnotationsDemo" time="11.766" errors="0" timestamp="25 Apr 2023 14:10:10 GMT" skipped="0">
  <testcase classname="TestNGFramwork.TestNGSevenPm.SeleniumAnnotationsDemo" name="validUsernameAndValidPassword" time="3.340"/>
  <testcase classname="TestNGFramwork.TestNGSevenPm.SeleniumAnnotationsDemo" name="validUsernameAndInValidPassword" time="3.472"/>
  <testcase classname="TestNGFramwork.TestNGSevenPm.SeleniumAnnotationsDemo" name="invalidUsernameAndValidPassword" time="4.954"/>
</testsuite> <!-- TestNGFramwork.TestNGSevenPm.SeleniumAnnotationsDemo -->
