<?xml version="1.0" encoding="UTF-8"?>
<!-- Generated by org.testng.reporters.JUnitReportReporter -->
<testsuite hostname="DESKTOP-T4MFR2V" failures="0" tests="1" name="TestNGFramwork.TestNGSevenPm.ParameterDemo" time="8.628" errors="0" timestamp="20 Apr 2023 14:02:04 GMT" skipped="0">
  <testcase classname="TestNGFramwork.TestNGSevenPm.ParameterDemo" name="applicationLogin" time="8.628"/>
</testsuite> <!-- TestNGFramwork.TestNGSevenPm.ParameterDemo -->
