<?xml version="1.0" encoding="UTF-8"?>
<!-- Generated by org.testng.reporters.JUnitReportReporter -->
<testsuite hostname="DESKTOP-T4MFR2V" failures="0" tests="6" name="TestNGFramwork.TestNGSevenPm.PrioritizingTheTestCases" time="0.017" errors="0" timestamp="25 Apr 2023 14:10:10 GMT" skipped="0">
  <testcase classname="TestNGFramwork.TestNGSevenPm.PrioritizingTheTestCases" name="loginButton" time="0.001"/>
  <testcase classname="TestNGFramwork.TestNGSevenPm.PrioritizingTheTestCases" name="loginCredentials" time="0.008"/>
  <testcase classname="TestNGFramwork.TestNGSevenPm.PrioritizingTheTestCases" name="urlAddress" time="0.004"/>
  <testcase classname="TestNGFramwork.TestNGSevenPm.PrioritizingTheTestCases" name="verifyingTheLogin" time="0.002"/>
  <testcase classname="TestNGFramwork.TestNGSevenPm.PrioritizingTheTestCases" name="teardown" time="0.001"/>
  <testcase classname="TestNGFramwork.TestNGSevenPm.PrioritizingTheTestCases" name="browserLaunch" time="0.001"/>
</testsuite> <!-- TestNGFramwork.TestNGSevenPm.PrioritizingTheTestCases -->
