<?xml version="1.0" encoding="UTF-8"?>
<!-- Generated by org.testng.reporters.JUnitReportReporter -->
<testsuite hostname="DESKTOP-T4MFR2V" failures="0" tests="12" name="TestNGFramwork.TestNGSevenPm.DayOne" time="0.026" errors="0" timestamp="25 Apr 2023 14:10:10 GMT" skipped="0">
  <testcase classname="TestNGFramwork.TestNGSevenPm.DayOne" name="demoMethod" time="0.003"/>
  <testcase classname="TestNGFramwork.TestNGSevenPm.DayOne" name="method3" time="0.007"/>
  <testcase classname="TestNGFramwork.TestNGSevenPm.DayOne" name="demoMethod" time="0.002"/>
  <testcase classname="TestNGFramwork.TestNGSevenPm.DayOne" name="demoMethod" time="0.002"/>
  <testcase classname="TestNGFramwork.TestNGSevenPm.DayOne" name="demoMethod" time="0.000"/>
  <testcase classname="TestNGFramwork.TestNGSevenPm.DayOne" name="demoMethod" time="0.002"/>
  <testcase classname="TestNGFramwork.TestNGSevenPm.DayOne" name="method2" time="0.004"/>
  <testcase classname="TestNGFramwork.TestNGSevenPm.DayOne" name="demoMethod" time="0.000"/>
  <testcase classname="TestNGFramwork.TestNGSevenPm.DayOne" name="demoMethod" time="0.001"/>
  <testcase classname="TestNGFramwork.TestNGSevenPm.DayOne" name="demoMethod" time="0.001"/>
  <testcase classname="TestNGFramwork.TestNGSevenPm.DayOne" name="demoMethod" time="0.002"/>
  <testcase classname="TestNGFramwork.TestNGSevenPm.DayOne" name="demoMethod" time="0.002"/>
</testsuite> <!-- TestNGFramwork.TestNGSevenPm.DayOne -->
