<?xml version="1.0" encoding="UTF-8"?>
<!-- Generated by org.testng.reporters.JUnitReportReporter -->
<testsuite hostname="DESKTOP-T4MFR2V" failures="0" tests="3" name="TestNGFramwork.TestNGSevenPm.AnnotationsPractice" time="0.040" errors="0" timestamp="25 Apr 2023 14:10:10 GMT" skipped="0">
  <testcase classname="TestNGFramwork.TestNGSevenPm.AnnotationsPractice" name="testCase_TC001" time="0.017"/>
  <testcase classname="TestNGFramwork.TestNGSevenPm.AnnotationsPractice" name="testCase_TC003" time="0.004"/>
  <testcase classname="TestNGFramwork.TestNGSevenPm.AnnotationsPractice" name="testCase_TC002" time="0.019"/>
</testsuite> <!-- TestNGFramwork.TestNGSevenPm.AnnotationsPractice -->
