<?xml version="1.0" encoding="UTF-8"?>
<!-- Generated by org.testng.reporters.JUnitReportReporter -->
<testsuite hostname="DESKTOP-T4MFR2V" failures="0" tests="1" name="TestNGFramwork.TestNGSevenPm.Dummy" time="0.001" errors="0" timestamp="25 Apr 2023 14:10:10 GMT" skipped="0">
  <testcase classname="TestNGFramwork.TestNGSevenPm.Dummy" name="testDummy" time="0.001"/>
</testsuite> <!-- TestNGFramwork.TestNGSevenPm.Dummy -->
